<?xml version="1.0" encoding="UTF-8"?>
<!-- Generated by org.testng.reporters.JUnitXMLReporter -->
<testsuite ignored="3" hostname="DESKTOP-KITN1IN" failures="0" tests="1" name="EdgeTest" time="9.52" errors="0" timestamp="2024-08-25T19:47:20 IST">
  <testcase classname="testscript.LoginTest" name="VerifyWhetherUserIsAbleToLoginUsingValidUsernameAndInvalidPassword" time="0.987"/>
  <testcase classname="testscript.LoginTest" name="VerifyWhetherUserIsAbleToLoginUsingValidCredentials" time="0.0">
    <ignored/>
  </testcase> <!-- VerifyWhetherUserIsAbleToLoginUsingValidCredentials -->
  <testcase classname="testscript.LoginTest" name="VerifyWhetherUserIsAbleToLoginUsingInvalidUsernameAndInvalidPassword" time="0.0">
    <ignored/>
  </testcase> <!-- VerifyWhetherUserIsAbleToLoginUsingInvalidUsernameAndInvalidPassword -->
  <testcase classname="testscript.LoginTest" name="VerifyWhetherUserIsAbleToLoginUsingInvalidUsernameAndValidPassword" time="0.0">
    <ignored/>
  </testcase> <!-- VerifyWhetherUserIsAbleToLoginUsingInvalidUsernameAndValidPassword -->
</testsuite> <!-- EdgeTest -->
