<?xml version="1.0" encoding="UTF-8"?>
<!-- Generated by org.testng.reporters.JUnitXMLReporter -->
<testsuite ignored="1" hostname="DESKTOP-KITN1IN" failures="0" tests="1" name="TestNG.xml" time="8.86" errors="0" timestamp="2024-09-10T13:43:42 IST">
  <testcase classname="testscript.ManageNewsTest" name="VerifyWhetherUserIsAbleToAddNews" time="4.118"/>
  <testcase classname="testscript.ManageNewsTest" name="verifyWhetherUserIsAbleToDeleteNews" time="0.0">
    <ignored/>
  </testcase> <!-- verifyWhetherUserIsAbleToDeleteNews -->
</testsuite> <!-- TestNG.xml -->
