<?xml version="1.0" encoding="UTF-8"?>
<!-- Generated by org.testng.reporters.JUnitXMLReporter -->
<testsuite ignored="3" hostname="DESKTOP-KITN1IN" failures="0" tests="1" name="TestNG" time="4.962" errors="0" timestamp="2024-08-23T14:59:56 IST">
  <testcase classname="testscript.Base" name="@AfterTest BrowserQuit" time="-1.724405396245E9">
    <failure type="org.testng.TestNGException" message="
Can inject only one of &amp;lt;ITestContext, XmlTest&amp;gt; into a @AfterTest annotated BrowserQuit.
For more information on native dependency injection please refer to https://testng.org/doc/documentation-main.html#native-dependency-injection">
      <![CDATA[org.testng.TestNGException: 
Can inject only one of <ITestContext, XmlTest> into a @AfterTest annotated BrowserQuit.
For more information on native dependency injection please refer to https://testng.org/doc/documentation-main.html#native-dependency-injection
... Removed 21 stack frames]]>
    </failure>
  </testcase> <!-- @AfterTest BrowserQuit -->
  <testcase classname="testscript.LoginTest" name="VerifyWhetherUserIsAbleToLoginUsingValidCredentials" time="1.636"/>
  <testcase classname="testscript.LoginTest" name="VerifyWhetherUserIsAbleToLoginUsingInvalidUsernameAndValidPassword" time="0.0">
    <ignored/>
  </testcase> <!-- VerifyWhetherUserIsAbleToLoginUsingInvalidUsernameAndValidPassword -->
  <testcase classname="testscript.LoginTest" name="VerifyWhetherUserIsAbleToLoginUsingInvalidUsernameAndInvalidPassword" time="0.0">
    <ignored/>
  </testcase> <!-- VerifyWhetherUserIsAbleToLoginUsingInvalidUsernameAndInvalidPassword -->
  <testcase classname="testscript.LoginTest" name="VerifyWhetherUserIsAbleToLoginUsingValidUsernameAndInvalidPassword" time="0.0">
    <ignored/>
  </testcase> <!-- VerifyWhetherUserIsAbleToLoginUsingValidUsernameAndInvalidPassword -->
</testsuite> <!-- TestNG -->
