<?xml version="1.0" encoding="UTF-8"?>
<testng-results ignored="0" total="1" passed="1" failed="0" skipped="0">
  <reporter-output>
  </reporter-output>
  <suite started-at="2024-09-11T23:38:02 IST" name="Suite" finished-at="2024-09-11T23:38:11 IST" duration-ms="8904">
    <groups>
    </groups>
    <test started-at="2024-09-11T23:38:02 IST" name="TestNG.xml" finished-at="2024-09-11T23:38:11 IST" duration-ms="8904">
      <class name="testscript.ManagerFooterTest">
        <test-method is-config="true" signature="initialiseBrowser(java.lang.String)[pri:0, instance:testscript.ManagerFooterTest@15888343]" started-at="2024-09-11T23:38:02 IST" name="initialiseBrowser" finished-at="2024-09-11T23:38:06 IST" duration-ms="3911" status="PASS">
          <params>
            <param index="0">
              <value>
                <![CDATA[Chrome]]>
              </value>
            </param>
          </params>
          <reporter-output>
          </reporter-output>
        </test-method> <!-- initialiseBrowser -->
        <test-method signature="VerifyWhetherUserCanUpdateManageFooter()[pri:0, instance:testscript.ManagerFooterTest@15888343]" started-at="2024-09-11T23:38:06 IST" name="VerifyWhetherUserCanUpdateManageFooter" description="Verify if user can update the footer in the manage footer module" finished-at="2024-09-11T23:38:10 IST" duration-ms="4554" status="PASS">
          <reporter-output>
          </reporter-output>
        </test-method> <!-- VerifyWhetherUserCanUpdateManageFooter -->
        <test-method is-config="true" signature="browserQuit(org.testng.ITestResult)[pri:0, instance:testscript.ManagerFooterTest@15888343]" started-at="2024-09-11T23:38:10 IST" name="browserQuit" finished-at="2024-09-11T23:38:11 IST" duration-ms="345" status="PASS">
          <params>
            <param index="0">
              <value>
                <![CDATA[[TestResult name=VerifyWhetherUserCanUpdateManageFooter status=SUCCESS method=ManagerFooterTest.VerifyWhetherUserCanUpdateManageFooter()[pri:0, instance:testscript.ManagerFooterTest@15888343] output={null}]]]>
              </value>
            </param>
          </params>
          <reporter-output>
          </reporter-output>
        </test-method> <!-- browserQuit -->
      </class> <!-- testscript.ManagerFooterTest -->
    </test> <!-- TestNG.xml -->
  </suite> <!-- Suite -->
</testng-results>
